[Mon, 09 Apr 18 00:28:08 +0700][ERROR] [2]: JsController handler class cannot be loaded

[Mon, 09 Apr 18 00:28:09 +0700][ERROR] [2]: JsController handler class cannot be loaded

[Mon, 09 Apr 18 00:28:13 +0700][ERROR] [2]: JsController handler class cannot be loaded

[Mon, 09 Apr 18 00:28:13 +0700][ERROR] [2]: JsController handler class cannot be loaded

[Mon, 09 Apr 18 00:28:16 +0700][ERROR] [2]: JsController handler class cannot be loaded

[Mon, 09 Apr 18 00:28:16 +0700][ERROR] [2]: JsController handler class cannot be loaded

[Mon, 09 Apr 18 00:28:19 +0700][ERROR] [2]: JsController handler class cannot be loaded

[Mon, 09 Apr 18 00:28:20 +0700][ERROR] [2]: JsController handler class cannot be loaded

[Mon, 09 Apr 18 00:28:28 +0700][ERROR] [5]: Action 'js' was not found on handler 'add'

[Mon, 09 Apr 18 00:28:28 +0700][ERROR] [5]: Action 'js' was not found on handler 'add'

[Mon, 09 Apr 18 00:33:34 +0700][ERROR] [2]: JsController handler class cannot be loaded

[Mon, 09 Apr 18 00:33:34 +0700][ERROR] [2]: JsController handler class cannot be loaded

[Mon, 09 Apr 18 00:33:40 +0700][ERROR] [2]: JsController handler class cannot be loaded

[Mon, 09 Apr 18 00:33:40 +0700][ERROR] [2]: JsController handler class cannot be loaded

[Mon, 09 Apr 18 00:33:42 +0700][ERROR] [2]: JsController handler class cannot be loaded

[Mon, 09 Apr 18 00:33:42 +0700][ERROR] [2]: JsController handler class cannot be loaded

[Mon, 09 Apr 18 00:33:46 +0700][ERROR] [2]: JsController handler class cannot be loaded

[Mon, 09 Apr 18 00:33:46 +0700][ERROR] [2]: JsController handler class cannot be loaded

[Mon, 09 Apr 18 00:33:49 +0700][ERROR] [2]: JsController handler class cannot be loaded

[Mon, 09 Apr 18 00:34:52 +0700][ERROR] [2]: JsController handler class cannot be loaded

[Mon, 09 Apr 18 00:34:52 +0700][ERROR] [2]: JsController handler class cannot be loaded

[Mon, 09 Apr 18 00:36:21 +0700][ERROR] [2]: JsController handler class cannot be loaded

[Mon, 09 Apr 18 00:36:21 +0700][ERROR] [2]: JsController handler class cannot be loaded

[Mon, 09 Apr 18 00:36:23 +0700][ERROR] [2]: JsController handler class cannot be loaded

[Mon, 09 Apr 18 00:36:23 +0700][ERROR] [2]: JsController handler class cannot be loaded

[Mon, 09 Apr 18 00:36:25 +0700][ERROR] [2]: JsController handler class cannot be loaded

[Mon, 09 Apr 18 00:36:25 +0700][ERROR] [2]: JsController handler class cannot be loaded

[Mon, 09 Apr 18 00:36:45 +0700][ERROR] [2]: JsController handler class cannot be loaded

[Mon, 09 Apr 18 00:36:45 +0700][ERROR] [2]: JsController handler class cannot be loaded

[Mon, 09 Apr 18 00:36:48 +0700][ERROR] [2]: JsController handler class cannot be loaded

[Mon, 09 Apr 18 00:36:48 +0700][ERROR] [2]: JsController handler class cannot be loaded

[Mon, 09 Apr 18 00:39:12 +0700][ERROR] [2]: JsController handler class cannot be loaded

[Mon, 09 Apr 18 00:39:12 +0700][ERROR] [2]: JsController handler class cannot be loaded

[Mon, 09 Apr 18 00:39:13 +0700][ERROR] [2]: JsController handler class cannot be loaded

[Mon, 09 Apr 18 00:39:13 +0700][ERROR] [2]: JsController handler class cannot be loaded

[Mon, 09 Apr 18 00:39:15 +0700][ERROR] [2]: JsController handler class cannot be loaded

[Mon, 09 Apr 18 00:39:15 +0700][ERROR] [2]: JsController handler class cannot be loaded

[Mon, 09 Apr 18 00:39:17 +0700][ERROR] [2]: JsController handler class cannot be loaded

[Mon, 09 Apr 18 00:39:17 +0700][ERROR] [2]: JsController handler class cannot be loaded

[Mon, 09 Apr 18 00:39:19 +0700][ERROR] [2]: JsController handler class cannot be loaded

[Mon, 09 Apr 18 00:39:19 +0700][ERROR] [2]: JsController handler class cannot be loaded

[Mon, 09 Apr 18 00:39:44 +0700][ERROR] [2]: JsController handler class cannot be loaded

[Mon, 09 Apr 18 00:39:44 +0700][ERROR] [2]: JsController handler class cannot be loaded

[Mon, 09 Apr 18 00:39:46 +0700][ERROR] [2]: JsController handler class cannot be loaded

[Mon, 09 Apr 18 00:39:46 +0700][ERROR] [2]: JsController handler class cannot be loaded

[Mon, 09 Apr 18 00:39:49 +0700][ERROR] [2]: JsController handler class cannot be loaded

[Mon, 09 Apr 18 00:39:49 +0700][ERROR] [2]: JsController handler class cannot be loaded

[Mon, 09 Apr 18 00:40:14 +0700][ERROR] [2]: JsController handler class cannot be loaded

[Mon, 09 Apr 18 00:40:14 +0700][ERROR] [2]: JsController handler class cannot be loaded

[Mon, 09 Apr 18 00:40:16 +0700][ERROR] [2]: JsController handler class cannot be loaded

[Mon, 09 Apr 18 00:40:16 +0700][ERROR] [2]: JsController handler class cannot be loaded

[Mon, 09 Apr 18 00:40:18 +0700][ERROR] [2]: JsController handler class cannot be loaded

[Mon, 09 Apr 18 00:40:19 +0700][ERROR] [2]: JsController handler class cannot be loaded

[Mon, 09 Apr 18 00:40:37 +0700][ERROR] [2]: JsController handler class cannot be loaded

[Mon, 09 Apr 18 00:40:38 +0700][ERROR] [2]: JsController handler class cannot be loaded

[Mon, 09 Apr 18 00:40:39 +0700][ERROR] [2]: JsController handler class cannot be loaded

[Mon, 09 Apr 18 00:40:40 +0700][ERROR] [2]: JsController handler class cannot be loaded

[Mon, 09 Apr 18 00:40:42 +0700][ERROR] [2]: JsController handler class cannot be loaded

[Mon, 09 Apr 18 00:40:42 +0700][ERROR] [2]: JsController handler class cannot be loaded

[Mon, 09 Apr 18 00:44:14 +0700][ERROR] [2]: JsController handler class cannot be loaded

[Mon, 09 Apr 18 00:44:14 +0700][ERROR] [2]: JsController handler class cannot be loaded

[Mon, 09 Apr 18 00:44:17 +0700][ERROR] [2]: JsController handler class cannot be loaded

[Mon, 09 Apr 18 00:44:17 +0700][ERROR] [2]: JsController handler class cannot be loaded

[Mon, 09 Apr 18 01:35:04 +0700][ERROR] [2]: JsController handler class cannot be loaded

[Mon, 09 Apr 18 01:35:04 +0700][ERROR] [2]: JsController handler class cannot be loaded

[Mon, 09 Apr 18 01:35:05 +0700][ERROR] [5]: Action 'vendor' was not found on handler 'add'

[Mon, 09 Apr 18 01:35:05 +0700][ERROR] [5]: Action 'vendor' was not found on handler 'add'

[Mon, 09 Apr 18 01:35:06 +0700][ERROR] [5]: Action 'vendor' was not found on handler 'add'

[Mon, 09 Apr 18 01:35:06 +0700][ERROR] [5]: Action 'vendor' was not found on handler 'add'

[Mon, 09 Apr 18 01:38:56 +0700][ERROR] [5]: Action 'js' was not found on handler 'add'

[Mon, 09 Apr 18 01:38:56 +0700][ERROR] [5]: Action 'js' was not found on handler 'add'

[Mon, 09 Apr 18 01:38:59 +0700][ERROR] [5]: Action 'event' was not found on handler 'add'

[Mon, 09 Apr 18 01:38:59 +0700][ERROR] [5]: Action 'vendor' was not found on handler 'add'

[Mon, 09 Apr 18 01:38:59 +0700][ERROR] [5]: Action 'vendor' was not found on handler 'add'

[Mon, 09 Apr 18 01:39:02 +0700][ERROR] [5]: Action 'vendor' was not found on handler 'add'

[Mon, 09 Apr 18 01:39:02 +0700][ERROR] [5]: Action 'vendor' was not found on handler 'add'

[Mon, 09 Apr 18 01:39:04 +0700][ERROR] [5]: Action 'event' was not found on handler 'add'

[Mon, 09 Apr 18 01:39:04 +0700][ERROR] [5]: Action 'vendor' was not found on handler 'add'

[Mon, 09 Apr 18 01:39:04 +0700][ERROR] [5]: Action 'vendor' was not found on handler 'add'

[Mon, 09 Apr 18 01:39:04 +0700][ERROR] [5]: Action 'vendor' was not found on handler 'add'

[Mon, 09 Apr 18 01:39:04 +0700][ERROR] [5]: Action 'vendor' was not found on handler 'add'

[Mon, 09 Apr 18 01:39:18 +0700][ERROR] [5]: Action 'event' was not found on handler 'add'

[Mon, 09 Apr 18 01:39:19 +0700][ERROR] [5]: Action 'vendor' was not found on handler 'add'

[Mon, 09 Apr 18 01:39:19 +0700][ERROR] [5]: Action 'js' was not found on handler 'add'

[Mon, 09 Apr 18 01:39:19 +0700][ERROR] [5]: Action 'vendor' was not found on handler 'add'

[Mon, 09 Apr 18 01:39:19 +0700][ERROR] [5]: Action 'js' was not found on handler 'add'

[Mon, 09 Apr 18 01:39:20 +0700][ERROR] [5]: Action 'event' was not found on handler 'add'

[Mon, 09 Apr 18 01:39:20 +0700][ERROR] [5]: Action 'js' was not found on handler 'add'

[Mon, 09 Apr 18 01:39:20 +0700][ERROR] [5]: Action 'js' was not found on handler 'add'

[Mon, 09 Apr 18 01:39:28 +0700][ERROR] [2]: JsController handler class cannot be loaded

[Mon, 09 Apr 18 01:39:28 +0700][ERROR] [2]: JsController handler class cannot be loaded

[Mon, 09 Apr 18 01:39:29 +0700][ERROR] [2]: JsController handler class cannot be loaded

[Mon, 09 Apr 18 01:39:30 +0700][ERROR] [2]: JsController handler class cannot be loaded

[Mon, 09 Apr 18 01:39:31 +0700][ERROR] [5]: Action 'vendor' was not found on handler 'add'

[Mon, 09 Apr 18 01:39:31 +0700][ERROR] [5]: Action 'js' was not found on handler 'add'

[Mon, 09 Apr 18 01:39:31 +0700][ERROR] [5]: Action 'vendor' was not found on handler 'add'

[Mon, 09 Apr 18 01:39:31 +0700][ERROR] [5]: Action 'js' was not found on handler 'add'

[Mon, 09 Apr 18 01:56:10 +0700][ERROR] [2]: JsController handler class cannot be loaded

[Mon, 09 Apr 18 01:56:13 +0700][ERROR] [2]: JsController handler class cannot be loaded

[Mon, 09 Apr 18 01:56:13 +0700][ERROR] [2]: JsController handler class cannot be loaded

[Mon, 09 Apr 18 02:04:02 +0700][ERROR] [2]: JsController handler class cannot be loaded

[Mon, 09 Apr 18 02:04:02 +0700][ERROR] [2]: JsController handler class cannot be loaded

[Mon, 09 Apr 18 02:04:06 +0700][ERROR] [2]: JsController handler class cannot be loaded

[Mon, 09 Apr 18 02:04:06 +0700][ERROR] [2]: JsController handler class cannot be loaded

[Mon, 09 Apr 18 02:04:38 +0700][ERROR] [5]: Action 'js' was not found on handler 'add'

[Mon, 09 Apr 18 02:04:38 +0700][ERROR] [5]: Action 'js' was not found on handler 'add'

[Mon, 09 Apr 18 02:05:17 +0700][ERROR] [5]: Action 'vendor' was not found on handler 'add'

[Mon, 09 Apr 18 02:05:18 +0700][ERROR] [5]: Action 'vendor' was not found on handler 'add'

[Mon, 09 Apr 18 02:05:25 +0700][ERROR] [5]: Action 'event' was not found on handler 'add'

[Mon, 09 Apr 18 02:05:25 +0700][ERROR] [5]: Action 'vendor' was not found on handler 'add'

[Mon, 09 Apr 18 02:05:25 +0700][ERROR] [5]: Action 'js' was not found on handler 'add'

[Mon, 09 Apr 18 02:05:25 +0700][ERROR] [5]: Action 'vendor' was not found on handler 'add'

[Mon, 09 Apr 18 02:05:25 +0700][ERROR] [5]: Action 'js' was not found on handler 'add'

[Mon, 09 Apr 18 02:05:27 +0700][ERROR] [5]: Action 'vendor' was not found on handler 'add'

[Mon, 09 Apr 18 02:05:27 +0700][ERROR] [5]: Action 'vendor' was not found on handler 'add'

[Mon, 09 Apr 18 02:05:37 +0700][ERROR] [5]: Action 'event' was not found on handler 'add'

[Mon, 09 Apr 18 02:05:37 +0700][ERROR] [5]: Action 'js' was not found on handler 'add'

[Mon, 09 Apr 18 02:05:37 +0700][ERROR] [5]: Action 'js' was not found on handler 'add'

[Mon, 09 Apr 18 02:05:41 +0700][ERROR] [2]: JsController handler class cannot be loaded

[Mon, 09 Apr 18 02:05:43 +0700][ERROR] [2]: JsController handler class cannot be loaded

[Mon, 09 Apr 18 02:05:43 +0700][ERROR] [2]: JsController handler class cannot be loaded

[Mon, 09 Apr 18 02:05:44 +0700][ERROR] [5]: Action 'vendor' was not found on handler 'add'

[Mon, 09 Apr 18 02:05:44 +0700][ERROR] [5]: Action 'vendor' was not found on handler 'add'

[Mon, 09 Apr 18 02:11:02 +0700][ERROR] [5]: Action 'event' was not found on handler 'add'

[Mon, 09 Apr 18 02:11:02 +0700][ERROR] [5]: Action 'vendor' was not found on handler 'add'

[Mon, 09 Apr 18 02:11:02 +0700][ERROR] [5]: Action 'vendor' was not found on handler 'add'

[Mon, 09 Apr 18 02:11:06 +0700][ERROR] [5]: Action 'event' was not found on handler 'add'

[Mon, 09 Apr 18 02:11:06 +0700][ERROR] [5]: Action 'js' was not found on handler 'add'

[Mon, 09 Apr 18 02:11:06 +0700][ERROR] [5]: Action 'vendor' was not found on handler 'add'

[Mon, 09 Apr 18 02:11:06 +0700][ERROR] [5]: Action 'vendor' was not found on handler 'add'

[Mon, 09 Apr 18 02:11:06 +0700][ERROR] [5]: Action 'js' was not found on handler 'add'

[Mon, 09 Apr 18 02:11:08 +0700][ERROR] [5]: Action 'vendor' was not found on handler 'add'

[Mon, 09 Apr 18 02:11:08 +0700][ERROR] [5]: Action 'vendor' was not found on handler 'add'

[Mon, 09 Apr 18 02:11:12 +0700][ERROR] [2]: JsController handler class cannot be loaded

[Mon, 09 Apr 18 02:11:12 +0700][ERROR] [2]: JsController handler class cannot be loaded

[Mon, 09 Apr 18 02:11:14 +0700][ERROR] [2]: JsController handler class cannot be loaded

[Mon, 09 Apr 18 02:11:14 +0700][ERROR] [2]: JsController handler class cannot be loaded

[Mon, 09 Apr 18 02:11:15 +0700][ERROR] [5]: Action 'vendor' was not found on handler 'add'

[Mon, 09 Apr 18 02:11:15 +0700][ERROR] [5]: Action 'vendor' was not found on handler 'add'

[Mon, 09 Apr 18 02:14:04 +0700][ERROR] [2]: JsController handler class cannot be loaded

[Mon, 09 Apr 18 02:14:04 +0700][ERROR] [2]: JsController handler class cannot be loaded

[Mon, 09 Apr 18 02:15:29 +0700][ERROR] [2]: JsController handler class cannot be loaded

[Mon, 09 Apr 18 02:15:30 +0700][ERROR] [2]: JsController handler class cannot be loaded

[Mon, 09 Apr 18 02:15:35 +0700][ERROR] [2]: JsController handler class cannot be loaded

[Mon, 09 Apr 18 02:15:35 +0700][ERROR] [2]: JsController handler class cannot be loaded

[Mon, 09 Apr 18 02:16:59 +0700][ERROR] [2]: JsController handler class cannot be loaded

[Mon, 09 Apr 18 02:17:00 +0700][ERROR] [2]: JsController handler class cannot be loaded

[Mon, 09 Apr 18 02:17:07 +0700][ERROR] [2]: JsController handler class cannot be loaded

[Mon, 09 Apr 18 02:17:08 +0700][ERROR] [2]: JsController handler class cannot be loaded

[Mon, 09 Apr 18 02:17:09 +0700][ERROR] [2]: JsController handler class cannot be loaded

[Mon, 09 Apr 18 02:17:09 +0700][ERROR] [2]: JsController handler class cannot be loaded

[Mon, 09 Apr 18 02:17:39 +0700][ERROR] [2]: JsController handler class cannot be loaded

[Mon, 09 Apr 18 02:17:40 +0700][ERROR] [2]: JsController handler class cannot be loaded

[Mon, 09 Apr 18 02:17:44 +0700][ERROR] [2]: JsController handler class cannot be loaded

[Mon, 09 Apr 18 02:17:44 +0700][ERROR] [2]: JsController handler class cannot be loaded

[Mon, 09 Apr 18 02:17:54 +0700][ERROR] [2]: JsController handler class cannot be loaded

[Mon, 09 Apr 18 02:17:55 +0700][ERROR] [2]: JsController handler class cannot be loaded

[Mon, 09 Apr 18 02:17:56 +0700][ERROR] [5]: Action 'vendor' was not found on handler 'add'

[Mon, 09 Apr 18 02:17:56 +0700][ERROR] [5]: Action 'js' was not found on handler 'add'

[Mon, 09 Apr 18 02:17:56 +0700][ERROR] [5]: Action 'vendor' was not found on handler 'add'

[Mon, 09 Apr 18 02:17:56 +0700][ERROR] [5]: Action 'js' was not found on handler 'add'

[Mon, 09 Apr 18 02:17:59 +0700][ERROR] [2]: JsController handler class cannot be loaded

[Mon, 09 Apr 18 02:17:59 +0700][ERROR] [2]: JsController handler class cannot be loaded

[Mon, 09 Apr 18 02:19:25 +0700][ERROR] [2]: JsController handler class cannot be loaded

[Mon, 09 Apr 18 02:19:25 +0700][ERROR] [2]: JsController handler class cannot be loaded

[Mon, 09 Apr 18 02:20:09 +0700][ERROR] [2]: JsController handler class cannot be loaded

[Mon, 09 Apr 18 02:20:09 +0700][ERROR] [2]: JsController handler class cannot be loaded

[Mon, 09 Apr 18 02:20:19 +0700][ERROR] [2]: JsController handler class cannot be loaded

[Mon, 09 Apr 18 02:20:19 +0700][ERROR] [2]: JsController handler class cannot be loaded

[Mon, 09 Apr 18 02:20:20 +0700][ERROR] [2]: JsController handler class cannot be loaded

[Mon, 09 Apr 18 02:20:20 +0700][ERROR] [2]: JsController handler class cannot be loaded

[Mon, 09 Apr 18 02:20:55 +0700][ERROR] [2]: JsController handler class cannot be loaded

[Mon, 09 Apr 18 02:20:56 +0700][ERROR] [2]: JsController handler class cannot be loaded

[Mon, 09 Apr 18 02:20:58 +0700][ERROR] [2]: JsController handler class cannot be loaded

[Mon, 09 Apr 18 02:20:58 +0700][ERROR] [2]: JsController handler class cannot be loaded

[Mon, 09 Apr 18 02:21:00 +0700][ERROR] [2]: JsController handler class cannot be loaded

[Mon, 09 Apr 18 02:21:00 +0700][ERROR] [2]: JsController handler class cannot be loaded

[Mon, 09 Apr 18 02:21:01 +0700][ERROR] [5]: Action 'vendor' was not found on handler 'add'

[Mon, 09 Apr 18 02:21:01 +0700][ERROR] [5]: Action 'js' was not found on handler 'add'

[Mon, 09 Apr 18 02:21:01 +0700][ERROR] [5]: Action 'vendor' was not found on handler 'add'

[Mon, 09 Apr 18 02:21:01 +0700][ERROR] [5]: Action 'js' was not found on handler 'add'

[Mon, 09 Apr 18 02:21:04 +0700][ERROR] [2]: JsController handler class cannot be loaded

[Mon, 09 Apr 18 02:21:04 +0700][ERROR] [2]: JsController handler class cannot be loaded

[Mon, 09 Apr 18 11:21:53 +0700][ERROR] [2]: JsController handler class cannot be loaded

[Mon, 09 Apr 18 11:21:55 +0700][ERROR] [2]: JsController handler class cannot be loaded

[Mon, 09 Apr 18 11:21:55 +0700][ERROR] [2]: JsController handler class cannot be loaded

[Mon, 09 Apr 18 11:21:56 +0700][ERROR] [2]: JsController handler class cannot be loaded

[Mon, 09 Apr 18 11:21:57 +0700][ERROR] [2]: JsController handler class cannot be loaded

[Mon, 09 Apr 18 11:36:46 +0700][ERROR] [2]: JsController handler class cannot be loaded

[Mon, 09 Apr 18 11:36:47 +0700][ERROR] [2]: JsController handler class cannot be loaded

[Mon, 09 Apr 18 11:36:48 +0700][ERROR] [2]: JsController handler class cannot be loaded

[Mon, 09 Apr 18 11:36:49 +0700][ERROR] [2]: JsController handler class cannot be loaded

[Mon, 09 Apr 18 11:36:52 +0700][ERROR] [2]: JsController handler class cannot be loaded

[Mon, 09 Apr 18 11:36:52 +0700][ERROR] [2]: JsController handler class cannot be loaded

[Mon, 09 Apr 18 11:36:55 +0700][ERROR] [5]: Action 'vendor' was not found on handler 'add'

[Mon, 09 Apr 18 11:36:55 +0700][ERROR] [5]: Action 'vendor' was not found on handler 'add'

[Mon, 09 Apr 18 11:36:55 +0700][ERROR] [5]: Action 'vendor' was not found on handler 'add'

[Mon, 09 Apr 18 11:36:55 +0700][ERROR] [5]: Action 'vendor' was not found on handler 'add'

[Mon, 09 Apr 18 11:37:03 +0700][ERROR] [2]: JsController handler class cannot be loaded

[Mon, 09 Apr 18 11:37:03 +0700][ERROR] [2]: JsController handler class cannot be loaded

[Mon, 09 Apr 18 11:45:40 +0700][ERROR] [5]: Action 'vendor' was not found on handler 'add'

[Mon, 09 Apr 18 11:45:40 +0700][ERROR] [5]: Action 'vendor' was not found on handler 'add'

[Mon, 09 Apr 18 11:45:40 +0700][ERROR] [5]: Action 'vendor' was not found on handler 'add'

[Mon, 09 Apr 18 11:45:40 +0700][ERROR] [5]: Action 'vendor' was not found on handler 'add'

[Mon, 09 Apr 18 11:45:49 +0700][ERROR] [2]: JsController handler class cannot be loaded

[Mon, 09 Apr 18 11:45:49 +0700][ERROR] [2]: JsController handler class cannot be loaded

[Mon, 09 Apr 18 11:57:01 +0700][ERROR] [2]: JsController handler class cannot be loaded

[Mon, 09 Apr 18 11:57:02 +0700][ERROR] [2]: JsController handler class cannot be loaded

[Mon, 09 Apr 18 11:57:03 +0700][ERROR] [5]: Action 'vendor' was not found on handler 'add'

[Mon, 09 Apr 18 11:57:03 +0700][ERROR] [5]: Action 'js' was not found on handler 'add'

[Mon, 09 Apr 18 11:57:03 +0700][ERROR] [5]: Action 'vendor' was not found on handler 'add'

[Mon, 09 Apr 18 11:57:03 +0700][ERROR] [5]: Action 'js' was not found on handler 'add'

[Mon, 09 Apr 18 11:57:12 +0700][ERROR] [2]: JsController handler class cannot be loaded

[Mon, 09 Apr 18 11:57:12 +0700][ERROR] [2]: JsController handler class cannot be loaded

[Mon, 09 Apr 18 12:13:42 +0700][ERROR] [5]: Action 'vendor' was not found on handler 'add'

[Mon, 09 Apr 18 12:13:42 +0700][ERROR] [5]: Action 'vendor' was not found on handler 'add'

[Mon, 09 Apr 18 12:13:54 +0700][ERROR] [2]: JsController handler class cannot be loaded

[Mon, 09 Apr 18 12:13:54 +0700][ERROR] [2]: JsController handler class cannot be loaded

[Mon, 09 Apr 18 12:40:10 +0700][ERROR] [2]: JsController handler class cannot be loaded

[Mon, 09 Apr 18 12:40:11 +0700][ERROR] [2]: JsController handler class cannot be loaded

[Mon, 09 Apr 18 12:41:28 +0700][ERROR] [2]: JsController handler class cannot be loaded

[Mon, 09 Apr 18 12:41:30 +0700][ERROR] [2]: JsController handler class cannot be loaded

[Mon, 09 Apr 18 12:41:30 +0700][ERROR] [2]: JsController handler class cannot be loaded

[Mon, 09 Apr 18 12:41:32 +0700][ERROR] [2]: JsController handler class cannot be loaded

[Mon, 09 Apr 18 12:41:32 +0700][ERROR] [2]: JsController handler class cannot be loaded

[Mon, 09 Apr 18 12:41:34 +0700][ERROR] [5]: Action 'js' was not found on handler 'add'

[Mon, 09 Apr 18 12:41:34 +0700][ERROR] [5]: Action 'js' was not found on handler 'add'

[Mon, 09 Apr 18 12:41:36 +0700][ERROR] [2]: JsController handler class cannot be loaded

[Mon, 09 Apr 18 12:41:36 +0700][ERROR] [2]: JsController handler class cannot be loaded

[Mon, 09 Apr 18 12:47:17 +0700][ERROR] [2]: JsController handler class cannot be loaded

[Mon, 09 Apr 18 12:47:17 +0700][ERROR] [2]: JsController handler class cannot be loaded

[Mon, 09 Apr 18 12:47:18 +0700][ERROR] [2]: JsController handler class cannot be loaded

[Mon, 09 Apr 18 12:47:19 +0700][ERROR] [2]: JsController handler class cannot be loaded

[Mon, 09 Apr 18 12:47:21 +0700][ERROR] [2]: JsController handler class cannot be loaded

[Mon, 09 Apr 18 12:47:21 +0700][ERROR] [2]: JsController handler class cannot be loaded

[Mon, 09 Apr 18 12:55:00 +0700][ERROR] [2]: JsController handler class cannot be loaded

[Mon, 09 Apr 18 12:55:01 +0700][ERROR] [2]: JsController handler class cannot be loaded

[Mon, 09 Apr 18 12:55:02 +0700][ERROR] [5]: Action 'vendor' was not found on handler 'add'

[Mon, 09 Apr 18 12:55:02 +0700][ERROR] [5]: Action 'js' was not found on handler 'add'

[Mon, 09 Apr 18 12:55:02 +0700][ERROR] [5]: Action 'vendor' was not found on handler 'add'

[Mon, 09 Apr 18 12:55:02 +0700][ERROR] [5]: Action 'js' was not found on handler 'add'

[Mon, 09 Apr 18 12:55:16 +0700][ERROR] [2]: JsController handler class cannot be loaded

[Mon, 09 Apr 18 12:55:17 +0700][ERROR] [2]: JsController handler class cannot be loaded

[Mon, 09 Apr 18 12:58:29 +0700][ERROR] [2]: JsController handler class cannot be loaded

[Mon, 09 Apr 18 12:58:30 +0700][ERROR] [2]: JsController handler class cannot be loaded

[Mon, 09 Apr 18 12:58:51 +0700][ERROR] [2]: JsController handler class cannot be loaded

[Mon, 09 Apr 18 12:58:51 +0700][ERROR] [2]: JsController handler class cannot be loaded

[Mon, 09 Apr 18 13:02:17 +0700][ERROR] [2]: JsController handler class cannot be loaded

[Mon, 09 Apr 18 13:02:17 +0700][ERROR] [2]: JsController handler class cannot be loaded

[Mon, 09 Apr 18 13:02:18 +0700][ERROR] [5]: Action 'vendor' was not found on handler 'add'

[Mon, 09 Apr 18 13:02:18 +0700][ERROR] [5]: Action 'vendor' was not found on handler 'add'

[Mon, 09 Apr 18 13:02:20 +0700][ERROR] [2]: JsController handler class cannot be loaded

[Mon, 09 Apr 18 13:02:21 +0700][ERROR] [2]: JsController handler class cannot be loaded

[Mon, 09 Apr 18 13:02:21 +0700][ERROR] [5]: Action 'vendor' was not found on handler 'add'

[Mon, 09 Apr 18 13:02:22 +0700][ERROR] [5]: Action 'vendor' was not found on handler 'add'

[Mon, 09 Apr 18 13:02:23 +0700][ERROR] [2]: JsController handler class cannot be loaded

[Mon, 09 Apr 18 13:02:23 +0700][ERROR] [2]: JsController handler class cannot be loaded

[Mon, 09 Apr 18 13:06:25 +0700][ERROR] [5]: Action 'vendor' was not found on handler 'add'

[Mon, 09 Apr 18 13:06:25 +0700][ERROR] [5]: Action 'vendor' was not found on handler 'add'

[Mon, 09 Apr 18 13:06:27 +0700][ERROR] [2]: JsController handler class cannot be loaded

[Mon, 09 Apr 18 13:06:27 +0700][ERROR] [2]: JsController handler class cannot be loaded

[Mon, 09 Apr 18 13:06:29 +0700][ERROR] [2]: JsController handler class cannot be loaded

[Mon, 09 Apr 18 13:06:29 +0700][ERROR] [2]: JsController handler class cannot be loaded

[Mon, 09 Apr 18 13:06:30 +0700][ERROR] [2]: EditController handler class cannot be loaded

[Mon, 09 Apr 18 13:06:30 +0700][ERROR] [2]: EditController handler class cannot be loaded

[Mon, 09 Apr 18 13:06:30 +0700][ERROR] [2]: EditController handler class cannot be loaded

[Mon, 09 Apr 18 13:06:32 +0700][ERROR] [2]: JsController handler class cannot be loaded

[Mon, 09 Apr 18 13:06:32 +0700][ERROR] [2]: JsController handler class cannot be loaded

[Mon, 09 Apr 18 13:16:25 +0700][ERROR] [2]: EditController handler class cannot be loaded

[Mon, 09 Apr 18 13:16:25 +0700][ERROR] [2]: EditController handler class cannot be loaded

[Mon, 09 Apr 18 13:16:26 +0700][ERROR] [2]: EditController handler class cannot be loaded

[Mon, 09 Apr 18 13:16:26 +0700][ERROR] [2]: EditController handler class cannot be loaded

[Mon, 09 Apr 18 13:16:26 +0700][ERROR] [2]: EditController handler class cannot be loaded

[Mon, 09 Apr 18 13:16:28 +0700][ERROR] [2]: EditController handler class cannot be loaded

[Mon, 09 Apr 18 13:16:28 +0700][ERROR] [2]: EditController handler class cannot be loaded

[Mon, 09 Apr 18 13:16:28 +0700][ERROR] [2]: EditController handler class cannot be loaded

[Mon, 09 Apr 18 13:16:28 +0700][ERROR] [2]: EditController handler class cannot be loaded

[Mon, 09 Apr 18 13:16:28 +0700][ERROR] [2]: EditController handler class cannot be loaded

[Mon, 09 Apr 18 13:16:30 +0700][ERROR] [2]: EditController handler class cannot be loaded

[Mon, 09 Apr 18 13:16:30 +0700][ERROR] [2]: EditController handler class cannot be loaded

[Mon, 09 Apr 18 13:16:30 +0700][ERROR] [2]: EditController handler class cannot be loaded

[Mon, 09 Apr 18 13:16:32 +0700][ERROR] [2]: EditController handler class cannot be loaded

[Mon, 09 Apr 18 13:16:32 +0700][ERROR] [2]: EditController handler class cannot be loaded

[Mon, 09 Apr 18 13:16:32 +0700][ERROR] [2]: EditController handler class cannot be loaded

[Mon, 09 Apr 18 13:16:33 +0700][ERROR] [2]: JsController handler class cannot be loaded

[Mon, 09 Apr 18 13:16:33 +0700][ERROR] [2]: JsController handler class cannot be loaded

[Mon, 09 Apr 18 13:16:38 +0700][ERROR] [2]: JsController handler class cannot be loaded

[Mon, 09 Apr 18 13:16:38 +0700][ERROR] [2]: JsController handler class cannot be loaded

[Mon, 09 Apr 18 13:16:40 +0700][ERROR] [2]: EditController handler class cannot be loaded

[Mon, 09 Apr 18 13:16:40 +0700][ERROR] [2]: EditController handler class cannot be loaded

[Mon, 09 Apr 18 13:16:40 +0700][ERROR] [2]: EditController handler class cannot be loaded

[Mon, 09 Apr 18 13:16:40 +0700][ERROR] [2]: EditController handler class cannot be loaded

[Mon, 09 Apr 18 13:16:42 +0700][ERROR] [2]: JsController handler class cannot be loaded

[Mon, 09 Apr 18 13:16:42 +0700][ERROR] [2]: JsController handler class cannot be loaded

[Mon, 09 Apr 18 13:18:05 +0700][ERROR] [2]: JsController handler class cannot be loaded

[Mon, 09 Apr 18 13:18:05 +0700][ERROR] [2]: JsController handler class cannot be loaded

[Mon, 09 Apr 18 13:23:25 +0700][ERROR] [2]: JsController handler class cannot be loaded

[Mon, 09 Apr 18 13:23:25 +0700][ERROR] [2]: JsController handler class cannot be loaded

[Mon, 09 Apr 18 13:23:29 +0700][ERROR] [2]: EditController handler class cannot be loaded

[Mon, 09 Apr 18 13:23:29 +0700][ERROR] [2]: EditController handler class cannot be loaded

[Mon, 09 Apr 18 13:23:29 +0700][ERROR] [2]: EditController handler class cannot be loaded

[Mon, 09 Apr 18 13:23:30 +0700][ERROR] [2]: JsController handler class cannot be loaded

[Mon, 09 Apr 18 13:23:30 +0700][ERROR] [2]: JsController handler class cannot be loaded

[Mon, 09 Apr 18 13:28:00 +0700][ERROR] [2]: JsController handler class cannot be loaded

[Mon, 09 Apr 18 13:28:00 +0700][ERROR] [2]: JsController handler class cannot be loaded

[Mon, 09 Apr 18 13:33:24 +0700][ERROR] [2]: JsController handler class cannot be loaded

[Mon, 09 Apr 18 13:33:25 +0700][ERROR] [2]: JsController handler class cannot be loaded

[Mon, 09 Apr 18 13:33:29 +0700][ERROR] [2]: EditController handler class cannot be loaded

[Mon, 09 Apr 18 13:33:29 +0700][ERROR] [2]: EditController handler class cannot be loaded

[Mon, 09 Apr 18 13:33:29 +0700][ERROR] [2]: EditController handler class cannot be loaded

[Mon, 09 Apr 18 13:33:29 +0700][ERROR] [2]: EditController handler class cannot be loaded

[Mon, 09 Apr 18 13:33:29 +0700][ERROR] [2]: EditController handler class cannot be loaded

[Mon, 09 Apr 18 13:33:31 +0700][ERROR] [2]: JsController handler class cannot be loaded

[Mon, 09 Apr 18 13:33:31 +0700][ERROR] [2]: JsController handler class cannot be loaded

[Mon, 09 Apr 18 13:34:07 +0700][ERROR] [2]: JsController handler class cannot be loaded

[Mon, 09 Apr 18 13:34:07 +0700][ERROR] [2]: JsController handler class cannot be loaded

[Mon, 09 Apr 18 13:35:13 +0700][ERROR] [2]: JsController handler class cannot be loaded

[Mon, 09 Apr 18 13:35:13 +0700][ERROR] [2]: JsController handler class cannot be loaded

[Mon, 09 Apr 18 13:36:33 +0700][ERROR] [2]: JsController handler class cannot be loaded

[Mon, 09 Apr 18 13:36:33 +0700][ERROR] [2]: JsController handler class cannot be loaded

[Mon, 09 Apr 18 13:36:35 +0700][ERROR] [2]: JsController handler class cannot be loaded

[Mon, 09 Apr 18 13:36:35 +0700][ERROR] [2]: JsController handler class cannot be loaded

[Mon, 09 Apr 18 13:36:38 +0700][ERROR] [5]: Action 'vendor' was not found on handler 'add'

[Mon, 09 Apr 18 13:36:38 +0700][ERROR] [5]: Action 'vendor' was not found on handler 'add'

[Mon, 09 Apr 18 13:40:00 +0700][ERROR] [5]: Action 'js' was not found on handler 'add'

[Mon, 09 Apr 18 13:40:00 +0700][ERROR] [5]: Action 'js' was not found on handler 'add'

[Mon, 09 Apr 18 13:40:05 +0700][ERROR] [2]: JsController handler class cannot be loaded

[Mon, 09 Apr 18 13:40:32 +0700][ERROR] [2]: JsController handler class cannot be loaded

[Mon, 09 Apr 18 13:40:32 +0700][ERROR] [2]: JsController handler class cannot be loaded

[Mon, 09 Apr 18 13:44:36 +0700][ERROR] [2]: JsController handler class cannot be loaded

[Mon, 09 Apr 18 13:44:36 +0700][ERROR] [2]: JsController handler class cannot be loaded

[Mon, 09 Apr 18 13:47:03 +0700][ERROR] [2]: JsController handler class cannot be loaded

[Mon, 09 Apr 18 13:47:05 +0700][ERROR] [2]: JsController handler class cannot be loaded

[Mon, 09 Apr 18 13:47:05 +0700][ERROR] [2]: JsController handler class cannot be loaded

[Mon, 09 Apr 18 13:47:12 +0700][ERROR] [2]: JsController handler class cannot be loaded

[Mon, 09 Apr 18 13:47:12 +0700][ERROR] [2]: JsController handler class cannot be loaded

[Mon, 09 Apr 18 13:47:33 +0700][ERROR] [2]: JsController handler class cannot be loaded

[Mon, 09 Apr 18 13:48:49 +0700][ERROR] [2]: JsController handler class cannot be loaded

[Mon, 09 Apr 18 13:48:49 +0700][ERROR] [2]: JsController handler class cannot be loaded

[Mon, 09 Apr 18 13:48:52 +0700][ERROR] [2]: JsController handler class cannot be loaded

[Mon, 09 Apr 18 13:48:53 +0700][ERROR] [2]: JsController handler class cannot be loaded

[Mon, 09 Apr 18 13:49:09 +0700][ERROR] [2]: JsController handler class cannot be loaded

[Mon, 09 Apr 18 13:49:10 +0700][ERROR] [2]: JsController handler class cannot be loaded

[Mon, 09 Apr 18 13:49:32 +0700][ERROR] [2]: JsController handler class cannot be loaded

[Mon, 09 Apr 18 13:49:33 +0700][ERROR] [2]: JsController handler class cannot be loaded

[Mon, 09 Apr 18 13:50:12 +0700][ERROR] [2]: JsController handler class cannot be loaded

[Mon, 09 Apr 18 13:50:12 +0700][ERROR] [2]: JsController handler class cannot be loaded

[Mon, 09 Apr 18 13:50:27 +0700][ERROR] [2]: JsController handler class cannot be loaded

[Mon, 09 Apr 18 13:50:27 +0700][ERROR] [2]: JsController handler class cannot be loaded

[Mon, 09 Apr 18 13:51:27 +0700][ERROR] [2]: JsController handler class cannot be loaded

[Mon, 09 Apr 18 13:51:27 +0700][ERROR] [2]: JsController handler class cannot be loaded

[Mon, 09 Apr 18 13:51:34 +0700][ERROR] [2]: JsController handler class cannot be loaded

[Mon, 09 Apr 18 13:51:34 +0700][ERROR] [2]: JsController handler class cannot be loaded

[Mon, 09 Apr 18 13:51:35 +0700][ERROR] [2]: JsController handler class cannot be loaded

[Mon, 09 Apr 18 13:51:36 +0700][ERROR] [2]: JsController handler class cannot be loaded

[Mon, 09 Apr 18 14:05:26 +0700][ERROR] [2]: JsController handler class cannot be loaded

[Mon, 09 Apr 18 14:05:26 +0700][ERROR] [2]: JsController handler class cannot be loaded

[Mon, 09 Apr 18 14:05:33 +0700][ERROR] [2]: JsController handler class cannot be loaded

[Mon, 09 Apr 18 14:05:34 +0700][ERROR] [2]: JsController handler class cannot be loaded

[Mon, 09 Apr 18 14:07:46 +0700][ERROR] [2]: JsController handler class cannot be loaded

[Mon, 09 Apr 18 14:07:46 +0700][ERROR] [2]: JsController handler class cannot be loaded

[Mon, 09 Apr 18 14:07:47 +0700][ERROR] [5]: Action 'setId' was not found on handler 'event'

[Mon, 09 Apr 18 14:07:47 +0700][ERROR] [5]: Action 'setId' was not found on handler 'event'

[Mon, 09 Apr 18 14:07:47 +0700][ERROR] [5]: Action 'setId' was not found on handler 'event'

[Mon, 09 Apr 18 14:07:49 +0700][ERROR] [2]: JsController handler class cannot be loaded

[Mon, 09 Apr 18 14:07:49 +0700][ERROR] [2]: JsController handler class cannot be loaded

[Mon, 09 Apr 18 14:08:22 +0700][ERROR] [2]: JsController handler class cannot be loaded

[Mon, 09 Apr 18 14:08:22 +0700][ERROR] [2]: JsController handler class cannot be loaded

[Mon, 09 Apr 18 14:08:23 +0700][ERROR] [2]: EditController handler class cannot be loaded

[Mon, 09 Apr 18 14:08:23 +0700][ERROR] [2]: EditController handler class cannot be loaded

[Mon, 09 Apr 18 14:08:23 +0700][ERROR] [2]: EditController handler class cannot be loaded

[Mon, 09 Apr 18 14:08:25 +0700][ERROR] [2]: JsController handler class cannot be loaded

[Mon, 09 Apr 18 14:08:25 +0700][ERROR] [2]: JsController handler class cannot be loaded

[Mon, 09 Apr 18 14:09:03 +0700][ERROR] [2]: JsController handler class cannot be loaded

[Mon, 09 Apr 18 14:09:03 +0700][ERROR] [2]: JsController handler class cannot be loaded

[Mon, 09 Apr 18 14:09:04 +0700][ERROR] [2]: EditController handler class cannot be loaded

[Mon, 09 Apr 18 14:09:04 +0700][ERROR] [2]: JsController handler class cannot be loaded

[Mon, 09 Apr 18 14:09:04 +0700][ERROR] [2]: JsController handler class cannot be loaded

[Mon, 09 Apr 18 14:09:05 +0700][ERROR] [2]: JsController handler class cannot be loaded

[Mon, 09 Apr 18 14:09:06 +0700][ERROR] [2]: JsController handler class cannot be loaded

[Mon, 09 Apr 18 14:14:15 +0700][ERROR] [2]: JsController handler class cannot be loaded

[Mon, 09 Apr 18 14:14:16 +0700][ERROR] [2]: JsController handler class cannot be loaded

[Mon, 09 Apr 18 14:14:16 +0700][ERROR] [5]: Action 'setID' was not found on handler 'event'

[Mon, 09 Apr 18 14:14:17 +0700][ERROR] [5]: Action 'vendor' was not found on handler 'event'

[Mon, 09 Apr 18 14:14:17 +0700][ERROR] [5]: Action 'vendor' was not found on handler 'event'

[Mon, 09 Apr 18 14:14:18 +0700][ERROR] [2]: JsController handler class cannot be loaded

[Mon, 09 Apr 18 14:14:18 +0700][ERROR] [2]: JsController handler class cannot be loaded

[Mon, 09 Apr 18 14:15:15 +0700][ERROR] [2]: JsController handler class cannot be loaded

[Mon, 09 Apr 18 14:15:15 +0700][ERROR] [2]: JsController handler class cannot be loaded

[Mon, 09 Apr 18 14:15:16 +0700][ERROR] [5]: Action 'setID' was not found on handler 'event'

[Mon, 09 Apr 18 14:15:16 +0700][ERROR] [5]: Action 'js' was not found on handler 'event'

[Mon, 09 Apr 18 14:15:16 +0700][ERROR] [5]: Action 'js' was not found on handler 'event'

[Mon, 09 Apr 18 14:15:16 +0700][ERROR] [5]: Action 'js' was not found on handler 'event'

[Mon, 09 Apr 18 14:15:18 +0700][ERROR] [2]: JsController handler class cannot be loaded

[Mon, 09 Apr 18 14:15:18 +0700][ERROR] [2]: JsController handler class cannot be loaded

[Mon, 09 Apr 18 14:19:27 +0700][ERROR] [2]: JsController handler class cannot be loaded

[Mon, 09 Apr 18 14:19:27 +0700][ERROR] [2]: JsController handler class cannot be loaded

[Mon, 09 Apr 18 14:19:28 +0700][ERROR] [5]: Action 'deleteID' was not found on handler 'event'

[Mon, 09 Apr 18 14:19:28 +0700][ERROR] [5]: Action 'deleteID' was not found on handler 'event'

[Mon, 09 Apr 18 14:19:28 +0700][ERROR] [5]: Action 'deleteID' was not found on handler 'event'

[Mon, 09 Apr 18 14:19:28 +0700][ERROR] [5]: Action 'deleteID' was not found on handler 'event'

[Mon, 09 Apr 18 14:19:28 +0700][ERROR] [5]: Action 'deleteID' was not found on handler 'event'

[Mon, 09 Apr 18 14:19:30 +0700][ERROR] [2]: JsController handler class cannot be loaded

[Mon, 09 Apr 18 14:19:30 +0700][ERROR] [2]: JsController handler class cannot be loaded

[Mon, 09 Apr 18 14:19:31 +0700][ERROR] [5]: Action 'setID' was not found on handler 'event'

[Mon, 09 Apr 18 14:19:31 +0700][ERROR] [5]: Action 'js' was not found on handler 'event'

[Mon, 09 Apr 18 14:19:31 +0700][ERROR] [5]: Action 'js' was not found on handler 'event'

[Mon, 09 Apr 18 14:19:32 +0700][ERROR] [2]: JsController handler class cannot be loaded

[Mon, 09 Apr 18 14:19:32 +0700][ERROR] [2]: JsController handler class cannot be loaded

[Mon, 09 Apr 18 14:20:28 +0700][ERROR] [2]: JsController handler class cannot be loaded

[Mon, 09 Apr 18 14:20:30 +0700][ERROR] [2]: JsController handler class cannot be loaded

[Mon, 09 Apr 18 14:20:31 +0700][ERROR] [2]: JsController handler class cannot be loaded

[Mon, 09 Apr 18 14:20:47 +0700][ERROR] [2]: JsController handler class cannot be loaded

[Mon, 09 Apr 18 14:20:56 +0700][ERROR] [2]: JsController handler class cannot be loaded

[Mon, 09 Apr 18 14:20:57 +0700][ERROR] [2]: JsController handler class cannot be loaded

[Mon, 09 Apr 18 14:21:03 +0700][ERROR] [2]: JsController handler class cannot be loaded

[Mon, 09 Apr 18 14:21:04 +0700][ERROR] [2]: JsController handler class cannot be loaded

[Mon, 09 Apr 18 14:21:07 +0700][ERROR] [2]: JsController handler class cannot be loaded

[Mon, 09 Apr 18 14:21:07 +0700][ERROR] [2]: JsController handler class cannot be loaded

[Mon, 09 Apr 18 14:21:08 +0700][ERROR] [5]: Action 'setID' was not found on handler 'event'

[Mon, 09 Apr 18 14:21:08 +0700][ERROR] [5]: Action 'vendor' was not found on handler 'event'

[Mon, 09 Apr 18 14:21:08 +0700][ERROR] [5]: Action 'vendor' was not found on handler 'event'

[Mon, 09 Apr 18 14:21:10 +0700][ERROR] [2]: JsController handler class cannot be loaded

[Mon, 09 Apr 18 14:21:10 +0700][ERROR] [2]: JsController handler class cannot be loaded

