[Sun, 08 Apr 18 12:26:47 +0700][ERROR] [2]: VendorController handler class cannot be loaded

[Sun, 08 Apr 18 12:26:48 +0700][ERROR] [2]: VendorController handler class cannot be loaded

[Sun, 08 Apr 18 12:26:54 +0700][ERROR] [2]: VendorController handler class cannot be loaded

[Sun, 08 Apr 18 12:26:54 +0700][ERROR] [2]: VendorController handler class cannot be loaded

[Sun, 08 Apr 18 12:26:57 +0700][ERROR] [2]: VendorController handler class cannot be loaded

[Sun, 08 Apr 18 12:26:57 +0700][ERROR] [2]: VendorController handler class cannot be loaded

[Sun, 08 Apr 18 12:50:15 +0700][ERROR] [2]: VendorController handler class cannot be loaded

[Sun, 08 Apr 18 12:50:15 +0700][ERROR] [2]: VendorController handler class cannot be loaded

[Sun, 08 Apr 18 19:08:14 +0700][ERROR] [2]: VendorController handler class cannot be loaded

[Sun, 08 Apr 18 19:08:14 +0700][ERROR] [2]: VendorController handler class cannot be loaded

[Sun, 08 Apr 18 19:08:17 +0700][ERROR] [2]: VendorController handler class cannot be loaded

[Sun, 08 Apr 18 19:08:17 +0700][ERROR] [2]: VendorController handler class cannot be loaded

[Sun, 08 Apr 18 19:08:32 +0700][ERROR] [2]: VendorController handler class cannot be loaded

[Sun, 08 Apr 18 19:08:33 +0700][ERROR] [2]: VendorController handler class cannot be loaded

[Sun, 08 Apr 18 19:13:28 +0700][ERROR] [2]: VendorController handler class cannot be loaded

[Sun, 08 Apr 18 19:13:28 +0700][ERROR] [2]: VendorController handler class cannot be loaded

[Sun, 08 Apr 18 19:13:45 +0700][ERROR] [2]: VendorController handler class cannot be loaded

[Sun, 08 Apr 18 19:13:45 +0700][ERROR] [2]: VendorController handler class cannot be loaded

[Sun, 08 Apr 18 19:13:54 +0700][ERROR] [2]: VendorController handler class cannot be loaded

[Sun, 08 Apr 18 19:13:54 +0700][ERROR] [2]: VendorController handler class cannot be loaded

[Sun, 08 Apr 18 19:16:40 +0700][ERROR] [2]: VendorController handler class cannot be loaded

[Sun, 08 Apr 18 19:16:41 +0700][ERROR] [2]: VendorController handler class cannot be loaded

[Sun, 08 Apr 18 19:16:53 +0700][ERROR] [2]: VendorController handler class cannot be loaded

[Sun, 08 Apr 18 19:16:53 +0700][ERROR] [2]: VendorController handler class cannot be loaded

[Sun, 08 Apr 18 19:16:55 +0700][ERROR] [2]: EventController handler class cannot be loaded

[Sun, 08 Apr 18 19:16:55 +0700][ERROR] [2]: VendorController handler class cannot be loaded

[Sun, 08 Apr 18 19:16:56 +0700][ERROR] [2]: VendorController handler class cannot be loaded

[Sun, 08 Apr 18 19:17:20 +0700][ERROR] [2]: VendorController handler class cannot be loaded

[Sun, 08 Apr 18 19:17:20 +0700][ERROR] [2]: VendorController handler class cannot be loaded

[Sun, 08 Apr 18 19:19:40 +0700][ERROR] [2]: VendorController handler class cannot be loaded

[Sun, 08 Apr 18 19:19:40 +0700][ERROR] [2]: VendorController handler class cannot be loaded

[Sun, 08 Apr 18 19:19:48 +0700][ERROR] [2]: VendorController handler class cannot be loaded

[Sun, 08 Apr 18 19:19:48 +0700][ERROR] [2]: VendorController handler class cannot be loaded

[Sun, 08 Apr 18 19:19:50 +0700][ERROR] [2]: VendorController handler class cannot be loaded

[Sun, 08 Apr 18 19:19:50 +0700][ERROR] [2]: VendorController handler class cannot be loaded

[Sun, 08 Apr 18 19:19:54 +0700][ERROR] [2]: VendorController handler class cannot be loaded

[Sun, 08 Apr 18 19:19:55 +0700][ERROR] [2]: VendorController handler class cannot be loaded

[Sun, 08 Apr 18 19:19:57 +0700][ERROR] [2]: VendorController handler class cannot be loaded

[Sun, 08 Apr 18 19:19:57 +0700][ERROR] [2]: VendorController handler class cannot be loaded

[Sun, 08 Apr 18 19:21:07 +0700][ERROR] [2]: JsController handler class cannot be loaded

[Sun, 08 Apr 18 19:21:07 +0700][ERROR] [2]: JsController handler class cannot be loaded

[Sun, 08 Apr 18 19:21:07 +0700][ERROR] [2]: JsController handler class cannot be loaded

[Sun, 08 Apr 18 19:21:07 +0700][ERROR] [2]: JsController handler class cannot be loaded

[Sun, 08 Apr 18 19:21:07 +0700][ERROR] [2]: JsController handler class cannot be loaded

[Sun, 08 Apr 18 19:21:07 +0700][ERROR] [2]: JsController handler class cannot be loaded

[Sun, 08 Apr 18 19:21:10 +0700][ERROR] [2]: JsController handler class cannot be loaded

[Sun, 08 Apr 18 19:21:10 +0700][ERROR] [2]: JsController handler class cannot be loaded

[Sun, 08 Apr 18 19:21:10 +0700][ERROR] [2]: JsController handler class cannot be loaded

[Sun, 08 Apr 18 19:21:10 +0700][ERROR] [2]: JsController handler class cannot be loaded

[Sun, 08 Apr 18 19:21:10 +0700][ERROR] [2]: JsController handler class cannot be loaded

[Sun, 08 Apr 18 19:21:10 +0700][ERROR] [2]: JsController handler class cannot be loaded

[Sun, 08 Apr 18 19:38:33 +0700][ERROR] [5]: Action 'index' was not found on handler 'event'

[Sun, 08 Apr 18 19:39:22 +0700][ERROR] [5]: Action 'index' was not found on handler 'event'

[Sun, 08 Apr 18 19:39:23 +0700][ERROR] [5]: Action 'index' was not found on handler 'event'

[Sun, 08 Apr 18 19:46:51 +0700][ERROR] [2]: AboutController handler class cannot be loaded

[Sun, 08 Apr 18 19:46:53 +0700][ERROR] [2]: AboutController handler class cannot be loaded

[Sun, 08 Apr 18 19:46:54 +0700][ERROR] [2]: AboutController handler class cannot be loaded

[Sun, 08 Apr 18 19:48:35 +0700][ERROR] [2]: AboutController handler class cannot be loaded

[Sun, 08 Apr 18 19:48:38 +0700][ERROR] [2]: AboutController handler class cannot be loaded

[Sun, 08 Apr 18 19:48:40 +0700][ERROR] [2]: AboutController handler class cannot be loaded

[Sun, 08 Apr 18 19:48:45 +0700][ERROR] [2]: AboutController handler class cannot be loaded

[Sun, 08 Apr 18 19:53:06 +0700][ERROR] [2]: AboutController handler class cannot be loaded

[Sun, 08 Apr 18 19:53:11 +0700][ERROR] [2]: AboutController handler class cannot be loaded

[Sun, 08 Apr 18 19:53:16 +0700][ERROR] [2]: AboutController handler class cannot be loaded

[Sun, 08 Apr 18 19:53:21 +0700][ERROR] [2]: AboutController handler class cannot be loaded

[Sun, 08 Apr 18 19:53:58 +0700][ERROR] [2]: AboutController handler class cannot be loaded

[Sun, 08 Apr 18 20:24:15 +0700][ERROR] [5]: Action 'authen' was not found on handler 'add'

[Sun, 08 Apr 18 21:04:06 +0700][ERROR] [5]: Action 'authen' was not found on handler 'add'

[Sun, 08 Apr 18 21:04:08 +0700][ERROR] [5]: Action 'authen' was not found on handler 'add'

[Sun, 08 Apr 18 21:04:12 +0700][ERROR] [5]: Action 'authen' was not found on handler 'add'

[Sun, 08 Apr 18 21:04:13 +0700][ERROR] [5]: Action 'authen' was not found on handler 'add'

[Sun, 08 Apr 18 21:04:13 +0700][ERROR] [5]: Action 'authen' was not found on handler 'add'

[Sun, 08 Apr 18 21:04:23 +0700][ERROR] [5]: Action 'authen' was not found on handler 'add'

[Sun, 08 Apr 18 21:04:24 +0700][ERROR] [5]: Action 'authen' was not found on handler 'add'

[Sun, 08 Apr 18 21:04:25 +0700][ERROR] [5]: Action 'authen' was not found on handler 'add'

